c:\dev\engineiglnew\tutorial\sandbox\sandbox_bin.dir\debug\vc142.pdb
c:\dev\engineiglnew\tutorial\sandbox\sandbox_bin.dir\debug\main.obj
c:\dev\project\introduction-to-3d-animations---assignment-3-master\tutorial\sandbox\sandbox_bin.dir\debug\vc142.pdb
c:\dev\project\introduction-to-3d-animations---assignment-3-master\tutorial\sandbox\sandbox_bin.dir\debug\main.obj
c:\dev\project\introduction-to-3d-animations---assignment-3-master\tutorial\sandbox\cmakefiles\generate.stamp
c:\dev\engineiglnew\sandbox_bin.exe
c:\dev\engineiglnew\sandbox_bin.ilk
c:\dev\engineiglnew\sandbox_bin.pdb
c:\dev\project\introduction-to-3d-animations---assignment-3-master\sandbox_bin.pdb
c:\dev\project\introduction-to-3d-animations---assignment-3-master\tutorial\sandbox\sandbox_bin.dir\debug\sandbox_bin.tlog\cl.command.1.tlog
c:\dev\project\introduction-to-3d-animations---assignment-3-master\tutorial\sandbox\sandbox_bin.dir\debug\sandbox_bin.tlog\cl.read.1.tlog
c:\dev\project\introduction-to-3d-animations---assignment-3-master\tutorial\sandbox\sandbox_bin.dir\debug\sandbox_bin.tlog\cl.write.1.tlog
c:\dev\project\introduction-to-3d-animations---assignment-3-master\tutorial\sandbox\sandbox_bin.dir\debug\sandbox_bin.tlog\custombuild.command.1.tlog
c:\dev\project\introduction-to-3d-animations---assignment-3-master\tutorial\sandbox\sandbox_bin.dir\debug\sandbox_bin.tlog\custombuild.read.1.tlog
c:\dev\project\introduction-to-3d-animations---assignment-3-master\tutorial\sandbox\sandbox_bin.dir\debug\sandbox_bin.tlog\custombuild.write.1.tlog
c:\dev\project\introduction-to-3d-animations---assignment-3-master\tutorial\sandbox\sandbox_bin.dir\debug\sandbox_bin.tlog\link-cvtres.read.1.tlog
c:\dev\project\introduction-to-3d-animations---assignment-3-master\tutorial\sandbox\sandbox_bin.dir\debug\sandbox_bin.tlog\link-cvtres.write.1.tlog
c:\dev\project\introduction-to-3d-animations---assignment-3-master\tutorial\sandbox\sandbox_bin.dir\debug\sandbox_bin.tlog\link-rc.read.1.tlog
c:\dev\project\introduction-to-3d-animations---assignment-3-master\tutorial\sandbox\sandbox_bin.dir\debug\sandbox_bin.tlog\link-rc.write.1.tlog
c:\dev\project\introduction-to-3d-animations---assignment-3-master\tutorial\sandbox\sandbox_bin.dir\debug\sandbox_bin.tlog\link.11976.delete.1.tlog
c:\dev\project\introduction-to-3d-animations---assignment-3-master\tutorial\sandbox\sandbox_bin.dir\debug\sandbox_bin.tlog\link.12432.delete.1.tlog
c:\dev\project\introduction-to-3d-animations---assignment-3-master\tutorial\sandbox\sandbox_bin.dir\debug\sandbox_bin.tlog\link.14172.delete.1.tlog
c:\dev\project\introduction-to-3d-animations---assignment-3-master\tutorial\sandbox\sandbox_bin.dir\debug\sandbox_bin.tlog\link.14776.delete.1.tlog
c:\dev\project\introduction-to-3d-animations---assignment-3-master\tutorial\sandbox\sandbox_bin.dir\debug\sandbox_bin.tlog\link.14792.delete.1.tlog
c:\dev\project\introduction-to-3d-animations---assignment-3-master\tutorial\sandbox\sandbox_bin.dir\debug\sandbox_bin.tlog\link.14832.delete.1.tlog
c:\dev\project\introduction-to-3d-animations---assignment-3-master\tutorial\sandbox\sandbox_bin.dir\debug\sandbox_bin.tlog\link.15292.delete.1.tlog
c:\dev\project\introduction-to-3d-animations---assignment-3-master\tutorial\sandbox\sandbox_bin.dir\debug\sandbox_bin.tlog\link.15300.delete.1.tlog
c:\dev\project\introduction-to-3d-animations---assignment-3-master\tutorial\sandbox\sandbox_bin.dir\debug\sandbox_bin.tlog\link.15412.delete.1.tlog
c:\dev\project\introduction-to-3d-animations---assignment-3-master\tutorial\sandbox\sandbox_bin.dir\debug\sandbox_bin.tlog\link.15524.delete.1.tlog
c:\dev\project\introduction-to-3d-animations---assignment-3-master\tutorial\sandbox\sandbox_bin.dir\debug\sandbox_bin.tlog\link.15556.delete.1.tlog
c:\dev\project\introduction-to-3d-animations---assignment-3-master\tutorial\sandbox\sandbox_bin.dir\debug\sandbox_bin.tlog\link.15644.delete.1.tlog
c:\dev\project\introduction-to-3d-animations---assignment-3-master\tutorial\sandbox\sandbox_bin.dir\debug\sandbox_bin.tlog\link.15668.delete.1.tlog
c:\dev\project\introduction-to-3d-animations---assignment-3-master\tutorial\sandbox\sandbox_bin.dir\debug\sandbox_bin.tlog\link.15688.delete.1.tlog
c:\dev\project\introduction-to-3d-animations---assignment-3-master\tutorial\sandbox\sandbox_bin.dir\debug\sandbox_bin.tlog\link.15816.delete.1.tlog
c:\dev\project\introduction-to-3d-animations---assignment-3-master\tutorial\sandbox\sandbox_bin.dir\debug\sandbox_bin.tlog\link.16708.delete.1.tlog
c:\dev\project\introduction-to-3d-animations---assignment-3-master\tutorial\sandbox\sandbox_bin.dir\debug\sandbox_bin.tlog\link.17084.delete.1.tlog
c:\dev\project\introduction-to-3d-animations---assignment-3-master\tutorial\sandbox\sandbox_bin.dir\debug\sandbox_bin.tlog\link.17540.delete.1.tlog
c:\dev\project\introduction-to-3d-animations---assignment-3-master\tutorial\sandbox\sandbox_bin.dir\debug\sandbox_bin.tlog\link.17608.delete.1.tlog
c:\dev\project\introduction-to-3d-animations---assignment-3-master\tutorial\sandbox\sandbox_bin.dir\debug\sandbox_bin.tlog\link.17804.delete.1.tlog
c:\dev\project\introduction-to-3d-animations---assignment-3-master\tutorial\sandbox\sandbox_bin.dir\debug\sandbox_bin.tlog\link.18048.delete.1.tlog
c:\dev\project\introduction-to-3d-animations---assignment-3-master\tutorial\sandbox\sandbox_bin.dir\debug\sandbox_bin.tlog\link.2088.delete.1.tlog
c:\dev\project\introduction-to-3d-animations---assignment-3-master\tutorial\sandbox\sandbox_bin.dir\debug\sandbox_bin.tlog\link.2196.delete.1.tlog
c:\dev\project\introduction-to-3d-animations---assignment-3-master\tutorial\sandbox\sandbox_bin.dir\debug\sandbox_bin.tlog\link.2200.delete.1.tlog
c:\dev\project\introduction-to-3d-animations---assignment-3-master\tutorial\sandbox\sandbox_bin.dir\debug\sandbox_bin.tlog\link.2472.delete.1.tlog
c:\dev\project\introduction-to-3d-animations---assignment-3-master\tutorial\sandbox\sandbox_bin.dir\debug\sandbox_bin.tlog\link.2756.delete.1.tlog
c:\dev\project\introduction-to-3d-animations---assignment-3-master\tutorial\sandbox\sandbox_bin.dir\debug\sandbox_bin.tlog\link.3284.delete.1.tlog
c:\dev\project\introduction-to-3d-animations---assignment-3-master\tutorial\sandbox\sandbox_bin.dir\debug\sandbox_bin.tlog\link.3604.delete.1.tlog
c:\dev\project\introduction-to-3d-animations---assignment-3-master\tutorial\sandbox\sandbox_bin.dir\debug\sandbox_bin.tlog\link.3664.delete.1.tlog
c:\dev\project\introduction-to-3d-animations---assignment-3-master\tutorial\sandbox\sandbox_bin.dir\debug\sandbox_bin.tlog\link.4732.delete.1.tlog
c:\dev\project\introduction-to-3d-animations---assignment-3-master\tutorial\sandbox\sandbox_bin.dir\debug\sandbox_bin.tlog\link.5280-cvtres.read.1.tlog
c:\dev\project\introduction-to-3d-animations---assignment-3-master\tutorial\sandbox\sandbox_bin.dir\debug\sandbox_bin.tlog\link.5280-cvtres.write.1.tlog
c:\dev\project\introduction-to-3d-animations---assignment-3-master\tutorial\sandbox\sandbox_bin.dir\debug\sandbox_bin.tlog\link.5280-rc.read.1.tlog
c:\dev\project\introduction-to-3d-animations---assignment-3-master\tutorial\sandbox\sandbox_bin.dir\debug\sandbox_bin.tlog\link.5280-rc.write.1.tlog
c:\dev\project\introduction-to-3d-animations---assignment-3-master\tutorial\sandbox\sandbox_bin.dir\debug\sandbox_bin.tlog\link.5280.delete.1.tlog
c:\dev\project\introduction-to-3d-animations---assignment-3-master\tutorial\sandbox\sandbox_bin.dir\debug\sandbox_bin.tlog\link.5280.read.1.tlog
c:\dev\project\introduction-to-3d-animations---assignment-3-master\tutorial\sandbox\sandbox_bin.dir\debug\sandbox_bin.tlog\link.5280.read.2.tlog
c:\dev\project\introduction-to-3d-animations---assignment-3-master\tutorial\sandbox\sandbox_bin.dir\debug\sandbox_bin.tlog\link.5280.write.1.tlog
c:\dev\project\introduction-to-3d-animations---assignment-3-master\tutorial\sandbox\sandbox_bin.dir\debug\sandbox_bin.tlog\link.6356.delete.1.tlog
c:\dev\project\introduction-to-3d-animations---assignment-3-master\tutorial\sandbox\sandbox_bin.dir\debug\sandbox_bin.tlog\link.6736.delete.1.tlog
c:\dev\project\introduction-to-3d-animations---assignment-3-master\tutorial\sandbox\sandbox_bin.dir\debug\sandbox_bin.tlog\link.6928.delete.1.tlog
c:\dev\project\introduction-to-3d-animations---assignment-3-master\tutorial\sandbox\sandbox_bin.dir\debug\sandbox_bin.tlog\link.6932.delete.1.tlog
c:\dev\project\introduction-to-3d-animations---assignment-3-master\tutorial\sandbox\sandbox_bin.dir\debug\sandbox_bin.tlog\link.7088.delete.1.tlog
c:\dev\project\introduction-to-3d-animations---assignment-3-master\tutorial\sandbox\sandbox_bin.dir\debug\sandbox_bin.tlog\link.7532.delete.1.tlog
c:\dev\project\introduction-to-3d-animations---assignment-3-master\tutorial\sandbox\sandbox_bin.dir\debug\sandbox_bin.tlog\link.7840.delete.1.tlog
c:\dev\project\introduction-to-3d-animations---assignment-3-master\tutorial\sandbox\sandbox_bin.dir\debug\sandbox_bin.tlog\link.7928.delete.1.tlog
c:\dev\project\introduction-to-3d-animations---assignment-3-master\tutorial\sandbox\sandbox_bin.dir\debug\sandbox_bin.tlog\link.8112.delete.1.tlog
c:\dev\project\introduction-to-3d-animations---assignment-3-master\tutorial\sandbox\sandbox_bin.dir\debug\sandbox_bin.tlog\link.8124.delete.1.tlog
c:\dev\project\introduction-to-3d-animations---assignment-3-master\tutorial\sandbox\sandbox_bin.dir\debug\sandbox_bin.tlog\link.8476.delete.1.tlog
c:\dev\project\introduction-to-3d-animations---assignment-3-master\tutorial\sandbox\sandbox_bin.dir\debug\sandbox_bin.tlog\link.8548.delete.1.tlog
c:\dev\project\introduction-to-3d-animations---assignment-3-master\tutorial\sandbox\sandbox_bin.dir\debug\sandbox_bin.tlog\link.8556.delete.1.tlog
c:\dev\project\introduction-to-3d-animations---assignment-3-master\tutorial\sandbox\sandbox_bin.dir\debug\sandbox_bin.tlog\link.8616.delete.1.tlog
c:\dev\project\introduction-to-3d-animations---assignment-3-master\tutorial\sandbox\sandbox_bin.dir\debug\sandbox_bin.tlog\link.8884.delete.1.tlog
c:\dev\project\introduction-to-3d-animations---assignment-3-master\tutorial\sandbox\sandbox_bin.dir\debug\sandbox_bin.tlog\link.9036.delete.1.tlog
c:\dev\project\introduction-to-3d-animations---assignment-3-master\tutorial\sandbox\sandbox_bin.dir\debug\sandbox_bin.tlog\link.9220.delete.1.tlog
c:\dev\project\introduction-to-3d-animations---assignment-3-master\tutorial\sandbox\sandbox_bin.dir\debug\sandbox_bin.tlog\link.9424.delete.1.tlog
c:\dev\project\introduction-to-3d-animations---assignment-3-master\tutorial\sandbox\sandbox_bin.dir\debug\sandbox_bin.tlog\link.9436.delete.1.tlog
c:\dev\project\introduction-to-3d-animations---assignment-3-master\tutorial\sandbox\sandbox_bin.dir\debug\sandbox_bin.tlog\link.9464.delete.1.tlog
c:\dev\project\introduction-to-3d-animations---assignment-3-master\tutorial\sandbox\sandbox_bin.dir\debug\sandbox_bin.tlog\link.9672.delete.1.tlog
c:\dev\project\introduction-to-3d-animations---assignment-3-master\tutorial\sandbox\sandbox_bin.dir\debug\sandbox_bin.tlog\link.command.1.tlog
c:\dev\project\introduction-to-3d-animations---assignment-3-master\tutorial\sandbox\sandbox_bin.dir\debug\sandbox_bin.tlog\link.delete.1.tlog
c:\dev\project\introduction-to-3d-animations---assignment-3-master\tutorial\sandbox\sandbox_bin.dir\debug\sandbox_bin.tlog\link.read.1.tlog
c:\dev\project\introduction-to-3d-animations---assignment-3-master\tutorial\sandbox\sandbox_bin.dir\debug\sandbox_bin.tlog\link.read.2.tlog
c:\dev\project\introduction-to-3d-animations---assignment-3-master\tutorial\sandbox\sandbox_bin.dir\debug\sandbox_bin.tlog\link.write.1.tlog
